0	1	mikroCARM.exe -MSF -DBG -pSTM32F407VG -RA -BIN -APB -LHF -C -Y -DL -SSA -O11111111 -fo168 -N"C:\Users\Crow\OneDrive\Escritorio\Proyect Radio SI4463Pro\DriverRF4463PRO_F407VG KleverHub [ MikroC 6.2 ]\DriverRF4463PRO_F407VG [ MikroC 6.2 ]\DriverRF4463PRO.mcpar" -SP"C:\Users\Public\Documents\Mikroelektronika\mikroC PRO for ARM\Defs\" -SP"C:\Users\Public\Documents\Mikroelektronika\mikroC PRO for ARM\Uses\ST M4\" -SP"C:\Users\Crow\OneDrive\Escritorio\Proyect Radio SI4463Pro\DriverRF4463PRO_F407VG KleverHub [ MikroC 6.2 ]\DriverRF4463PRO_F407VG [ MikroC 6.2 ]\" -IP"C:\Users\Public\Documents\Mikroelektronika\mikroC PRO for ARM\Uses\ST M4\" "DriverRF4463PROMain.c" "__Lib_Math.emcl" "__Lib_MathDouble.emcl" "__Lib_Delays.emcl" "__Lib_System_4XX.emcl" "__Lib_GPIO_32F4xx_Defs.emcl" "__Lib_GPIO_32F4xx.emcl" "__Lib_CType.emcl" "__Lib_CString.emcl" "__Lib_CStdlib.emcl" "__Lib_Conversions.emcl" "__Lib_Sprintf.emcl" "__Lib_PrintOut.emcl" "__Lib_Sound.emcl" "__Lib_SPI_123.emcl" "__Lib_UART_123_45_6.emcl"	 
diagnostics: 0	122	Compilation Started	STM32F407VG.c
diagnostics: 58985	123	Compiled Successfully	STM32F407VG.c
diagnostics: 0	122	Compilation Started	__Lib_Delays.c
diagnostics: 119	123	Compiled Successfully	__Lib_Delays.c
hint: 66	1164	Variable 'cycles_div_by_10' has been eliminated by optimizer	__Lib_Delays.c
hint: 88	1164	Variable 'NumberOfCyc' has been eliminated by optimizer	__Lib_Delays.c
hint: 105	1164	Variable 'NumberOfCyc' has been eliminated by optimizer	__Lib_Delays.c
diagnostics: 0	122	Compilation Started	__lib_gpio.h
diagnostics: 879	123	Compiled Successfully	__Lib_GPIO_32F4xx_Defs.c
hint: 89	1354	 warning: The macro is redefined     #define STM32F407VG 3     previously macro "STM32F407VG" defined as: #define STM32F407VG  1 	C:\Users\Crow\OneDrive\Escritorio\Proyect Radio SI4463Pro\DriverRF4463PRO_F407VG KleverHub [ MikroC 6.2 ]\DriverRF4463PRO_F407VG [ MikroC 6.2 ]\DriverRF4463PROMain.c
diagnostics: 0	122	Compilation Started	DriverRF4463PROMain.c
hint: 0	1004	interrupt handler (Int_SPI1 at 0x0033)	driverspi.c
warning: 139	1505	Suspicious pointer conversion	driverrf4463pro.c
warning: 288	1505	Suspicious pointer conversion	driverrf4463pro.c
hint: 587	1163	Variable 'i' has been declared, but not used	driverrf4463pro.c
hint: 628	1163	Variable 'i' has been declared, but not used	driverrf4463pro.c
hint: 658	1163	Variable 'ucFD_2' has been declared, but not used	driverrf4463pro.c
hint: 658	1163	Variable 'ucFD_1' has been declared, but not used	driverrf4463pro.c
hint: 658	1163	Variable 'ucFD_0' has been declared, but not used	driverrf4463pro.c
hint: 0	1004	interrupt handler (DMA2Strm7_interrupt at 0x0056)	uarthandler.c
hint: 0	1004	interrupt handler (vUARTISR at 0x0035)	uarthandler.c
warning: 316	1505	Suspicious pointer conversion	uarthandler.c
warning: 325	1505	Suspicious pointer conversion	uarthandler.c
warning: 325	1505	Suspicious pointer conversion	uarthandler.c
hint: 0	1004	interrupt handler (Timer2_interrupt at 0x002C)	DriverRF4463PROMain.c
warning: 173	1505	Suspicious pointer conversion	DriverRF4463PROMain.c
warning: 176	1505	Suspicious pointer conversion	DriverRF4463PROMain.c
warning: 190	1505	Suspicious pointer conversion	DriverRF4463PROMain.c
warning: 193	1505	Suspicious pointer conversion	DriverRF4463PROMain.c
warning: 205	1505	Suspicious pointer conversion	DriverRF4463PROMain.c
warning: 209	1505	Suspicious pointer conversion	DriverRF4463PROMain.c
warning: 213	1505	Suspicious pointer conversion	DriverRF4463PROMain.c
warning: 217	1505	Suspicious pointer conversion	DriverRF4463PROMain.c
warning: 221	1505	Suspicious pointer conversion	DriverRF4463PROMain.c
warning: 225	1505	Suspicious pointer conversion	DriverRF4463PROMain.c
warning: 229	1505	Suspicious pointer conversion	DriverRF4463PROMain.c
warning: 233	1505	Suspicious pointer conversion	DriverRF4463PROMain.c
warning: 237	1505	Suspicious pointer conversion	DriverRF4463PROMain.c
warning: 241	1505	Suspicious pointer conversion	DriverRF4463PROMain.c
warning: 245	1505	Suspicious pointer conversion	DriverRF4463PROMain.c
warning: 247	1505	Suspicious pointer conversion	DriverRF4463PROMain.c
warning: 259	1505	Suspicious pointer conversion	DriverRF4463PROMain.c
warning: 262	1505	Suspicious pointer conversion	DriverRF4463PROMain.c
warning: 274	1505	Suspicious pointer conversion	DriverRF4463PROMain.c
warning: 277	1505	Suspicious pointer conversion	DriverRF4463PROMain.c
warning: 298	1505	Suspicious pointer conversion	DriverRF4463PROMain.c
warning: 303	1505	Suspicious pointer conversion	DriverRF4463PROMain.c
warning: 307	1505	Suspicious pointer conversion	DriverRF4463PROMain.c
warning: 311	1505	Suspicious pointer conversion	DriverRF4463PROMain.c
warning: 315	1505	Suspicious pointer conversion	DriverRF4463PROMain.c
warning: 318	1505	Suspicious pointer conversion	DriverRF4463PROMain.c
warning: 328	1505	Suspicious pointer conversion	DriverRF4463PROMain.c
warning: 331	1505	Suspicious pointer conversion	DriverRF4463PROMain.c
warning: 331	1505	Suspicious pointer conversion	DriverRF4463PROMain.c
warning: 337	1505	Suspicious pointer conversion	DriverRF4463PROMain.c
warning: 345	1505	Suspicious pointer conversion	DriverRF4463PROMain.c
warning: 349	1505	Suspicious pointer conversion	DriverRF4463PROMain.c
warning: 354	1505	Suspicious pointer conversion	DriverRF4463PROMain.c
warning: 382	1505	Suspicious pointer conversion	DriverRF4463PROMain.c
warning: 386	1505	Suspicious pointer conversion	DriverRF4463PROMain.c
warning: 390	1505	Suspicious pointer conversion	DriverRF4463PROMain.c
warning: 394	1505	Suspicious pointer conversion	DriverRF4463PROMain.c
warning: 397	1505	Suspicious pointer conversion	DriverRF4463PROMain.c
warning: 399	1505	Suspicious pointer conversion	DriverRF4463PROMain.c
warning: 401	1505	Suspicious pointer conversion	DriverRF4463PROMain.c
warning: 403	1505	Suspicious pointer conversion	DriverRF4463PROMain.c
warning: 405	1505	Suspicious pointer conversion	DriverRF4463PROMain.c
warning: 419	1505	Suspicious pointer conversion	DriverRF4463PROMain.c
warning: 422	1505	Suspicious pointer conversion	DriverRF4463PROMain.c
warning: 435	1505	Suspicious pointer conversion	DriverRF4463PROMain.c
warning: 438	1505	Suspicious pointer conversion	DriverRF4463PROMain.c
warning: 451	1505	Suspicious pointer conversion	DriverRF4463PROMain.c
warning: 454	1505	Suspicious pointer conversion	DriverRF4463PROMain.c
warning: 467	1505	Suspicious pointer conversion	DriverRF4463PROMain.c
warning: 470	1505	Suspicious pointer conversion	DriverRF4463PROMain.c
warning: 482	1505	Suspicious pointer conversion	DriverRF4463PROMain.c
warning: 485	1505	Suspicious pointer conversion	DriverRF4463PROMain.c
warning: 497	1505	Suspicious pointer conversion	DriverRF4463PROMain.c
warning: 500	1505	Suspicious pointer conversion	DriverRF4463PROMain.c
warning: 512	1505	Suspicious pointer conversion	DriverRF4463PROMain.c
warning: 515	1505	Suspicious pointer conversion	DriverRF4463PROMain.c
warning: 527	1505	Suspicious pointer conversion	DriverRF4463PROMain.c
warning: 530	1505	Suspicious pointer conversion	DriverRF4463PROMain.c
warning: 540	1505	Suspicious pointer conversion	DriverRF4463PROMain.c
warning: 549	1505	Suspicious pointer conversion	DriverRF4463PROMain.c
warning: 550	1505	Suspicious pointer conversion	DriverRF4463PROMain.c
hint: 572	1163	Variable 'j' has been declared, but not used	DriverRF4463PROMain.c
diagnostics: 788	123	Compiled Successfully	DriverRF4463PROMain.c
hint: 657	1164	Variable 'ucDIV' has been eliminated by optimizer	DriverRF4463PROMain.c
hint: 659	1164	Variable 'ulFRAC' has been eliminated by optimizer	DriverRF4463PROMain.c
hint: 659	1164	Variable 'ulData' has been eliminated by optimizer	DriverRF4463PROMain.c
hint: 801	1164	Variable 'j' has been eliminated by optimizer	DriverRF4463PROMain.c
hint: 822	1164	Variable 'i' has been eliminated by optimizer	DriverRF4463PROMain.c
hint: 338	1164	Variable 'usCounter' has been eliminated by optimizer	DriverRF4463PROMain.c
diagnostics: 0	127	All files Compiled in 406 ms	 
hint: 0	1144	Used RX: 16 (100%)   Free RX: 0 (0%)	Used RX: 16 (100%)   Free RX: 0 (0%)
hint: 0	1144	Static RAM (bytes): 9150   Dynamic RAM (bytes): 121917	Static RAM (bytes): 9150   Dynamic RAM (bytes): 121917
hint: 0	1144	Used ROM (bytes): 33027 (3%)  Free ROM (bytes): 1015549 (97%)	Used ROM (bytes): 33027 (3%)  Free ROM (bytes): 1015549 (97%)
diagnostics: 0	125	Project Linked Successfully	DriverRF4463PRO.mcpar
diagnostics: 0	128	Linked in 547 ms	 
diagnostics: 0	129	Project 'DriverRF4463PRO.mcpar' completed: 2313 ms	 
diagnostics: 0	103	Finished successfully: 05 ene. 2021, 17:46:55	DriverRF4463PRO.mcpar
