0	1	mikroCARM.exe -MSF -DBG -pSTM32G071G8 -UICD -RA -BIN -APB -LHF -C -Y -DL -SSA -O11111111 -fo16 -N"C:\Users\Crow\OneDrive\Escritorio\Proyect Radio SI4463Pro\DriverRF4463PRO_G071KB Sensores[ MikroC 6.2 ]14 DEC 2020\DriverRF4463PRO_G071KB [ MikroC 6.2 ]\DriverRF4463PRO.mcpar" -SP"C:\Users\Public\Documents\Mikroelektronika\mikroC PRO for ARM\Defs\" -SP"C:\Users\Public\Documents\Mikroelektronika\mikroC PRO for ARM\Uses\ST M0\" -SP"C:\Users\Crow\OneDrive\Escritorio\Proyect Radio SI4463Pro\DriverRF4463PRO_G071KB Sensores[ MikroC 6.2 ]14 DEC 2020\DriverRF4463PRO_G071KB [ MikroC 6.2 ]\" -IP"C:\Users\Public\Documents\Mikroelektronika\mikroC PRO for ARM\Uses\ST M0\" "DriverRF4463PROMain.c" "__Lib_Math.emcl" "__Lib_MathDouble.emcl" "__Lib_Delays.emcl" "__Lib_System_G0xx.emcl" "__Lib_GPIO_G0xx_Defs.emcl" "__Lib_GPIO_G0xx.emcl" "__Lib_CType.emcl" "__Lib_CString.emcl" "__Lib_CStdlib.emcl" "__Lib_Conversions.emcl" "__Lib_PrintOut.emcl" "__Lib_Sound.emcl" "__Lib_SPI_G0xx_12.emcl" "__Lib_UART_G0xx_1234.emcl"	 
diagnostics: 0	122	Compilation Started	STM32G071G8.c
diagnostics: 30400	123	Compiled Successfully	STM32G071G8.c
diagnostics: 0	122	Compilation Started	__Lib_Delays.c
diagnostics: 165	123	Compiled Successfully	__Lib_Delays.c
hint: 66	1164	Variable 'cycles_div_by_10' has been eliminated by optimizer	__Lib_Delays.c
hint: 99	1164	Variable 'cycles_div_by_16' has been eliminated by optimizer	__Lib_Delays.c
hint: 150	1164	Variable 'NumberOfCyc' has been eliminated by optimizer	__Lib_Delays.c
hint: 159	1164	Variable 'NumberOfCyc' has been eliminated by optimizer	__Lib_Delays.c
diagnostics: 0	122	Compilation Started	__lib_gpio.h
diagnostics: 673	123	Compiled Successfully	__Lib_GPIO_G0xx_Defs.c
diagnostics: 0	122	Compilation Started	DriverRF4463PROMain.c
hint: 0	1004	interrupt handler (Int_SPI1 at 0x0029)	driverspi.c
hint: 0	1004	interrupt handler (DMACh1_interrupt at 0x0019)	driverspi.c
hint: 0	1004	interrupt handler (vRF4463ISR at 0x0016)	driverrf4463pro.c
warning: 123	1505	Suspicious pointer conversion	driverrf4463pro.c
warning: 266	1505	Suspicious pointer conversion	driverrf4463pro.c
hint: 520	1163	Variable 'i' has been declared, but not used	driverrf4463pro.c
hint: 560	1163	Variable 'i' has been declared, but not used	driverrf4463pro.c
hint: 590	1163	Variable 'ucFD_2' has been declared, but not used	driverrf4463pro.c
hint: 590	1163	Variable 'ucFD_1' has been declared, but not used	driverrf4463pro.c
hint: 590	1163	Variable 'ucFD_0' has been declared, but not used	driverrf4463pro.c
warning: 709	1505	Suspicious pointer conversion	driverrf4463pro.c
hint: 0	1004	interrupt handler (vUARTISR at 0x002B)	uarthandler.c
warning: 292	1503	Result is not defined in function: 'vUSARTStartMEMtoMEMZero'	uarthandler.c
warning: 382	1503	Result is not defined in function: 'vUSARTStartMEMtoMEM'	uarthandler.c
warning: 467	1503	Result is not defined in function: 'vUSART1Start_TX'	uarthandler.c
warning: 546	1505	Suspicious pointer conversion	uarthandler.c
warning: 554	1505	Suspicious pointer conversion	uarthandler.c
warning: 554	1505	Suspicious pointer conversion	uarthandler.c
hint: 0	1004	interrupt handler (Timer2_interrupt at 0x001F)	DriverRF4463PROMain.c
warning: 156	1505	Suspicious pointer conversion	DriverRF4463PROMain.c
warning: 159	1505	Suspicious pointer conversion	DriverRF4463PROMain.c
warning: 173	1505	Suspicious pointer conversion	DriverRF4463PROMain.c
warning: 176	1505	Suspicious pointer conversion	DriverRF4463PROMain.c
warning: 188	1505	Suspicious pointer conversion	DriverRF4463PROMain.c
warning: 192	1505	Suspicious pointer conversion	DriverRF4463PROMain.c
warning: 196	1505	Suspicious pointer conversion	DriverRF4463PROMain.c
warning: 200	1505	Suspicious pointer conversion	DriverRF4463PROMain.c
warning: 204	1505	Suspicious pointer conversion	DriverRF4463PROMain.c
warning: 208	1505	Suspicious pointer conversion	DriverRF4463PROMain.c
warning: 212	1505	Suspicious pointer conversion	DriverRF4463PROMain.c
warning: 216	1505	Suspicious pointer conversion	DriverRF4463PROMain.c
warning: 220	1505	Suspicious pointer conversion	DriverRF4463PROMain.c
warning: 224	1505	Suspicious pointer conversion	DriverRF4463PROMain.c
warning: 228	1505	Suspicious pointer conversion	DriverRF4463PROMain.c
warning: 230	1505	Suspicious pointer conversion	DriverRF4463PROMain.c
warning: 242	1505	Suspicious pointer conversion	DriverRF4463PROMain.c
warning: 245	1505	Suspicious pointer conversion	DriverRF4463PROMain.c
warning: 257	1505	Suspicious pointer conversion	DriverRF4463PROMain.c
warning: 260	1505	Suspicious pointer conversion	DriverRF4463PROMain.c
warning: 281	1505	Suspicious pointer conversion	DriverRF4463PROMain.c
warning: 286	1505	Suspicious pointer conversion	DriverRF4463PROMain.c
warning: 290	1505	Suspicious pointer conversion	DriverRF4463PROMain.c
warning: 294	1505	Suspicious pointer conversion	DriverRF4463PROMain.c
warning: 298	1505	Suspicious pointer conversion	DriverRF4463PROMain.c
warning: 301	1505	Suspicious pointer conversion	DriverRF4463PROMain.c
warning: 314	1505	Suspicious pointer conversion	DriverRF4463PROMain.c
warning: 328	1505	Suspicious pointer conversion	DriverRF4463PROMain.c
warning: 331	1505	Suspicious pointer conversion	DriverRF4463PROMain.c
warning: 344	1505	Suspicious pointer conversion	DriverRF4463PROMain.c
warning: 347	1505	Suspicious pointer conversion	DriverRF4463PROMain.c
warning: 360	1505	Suspicious pointer conversion	DriverRF4463PROMain.c
warning: 363	1505	Suspicious pointer conversion	DriverRF4463PROMain.c
warning: 376	1505	Suspicious pointer conversion	DriverRF4463PROMain.c
warning: 379	1505	Suspicious pointer conversion	DriverRF4463PROMain.c
warning: 391	1505	Suspicious pointer conversion	DriverRF4463PROMain.c
warning: 394	1505	Suspicious pointer conversion	DriverRF4463PROMain.c
warning: 406	1505	Suspicious pointer conversion	DriverRF4463PROMain.c
warning: 409	1505	Suspicious pointer conversion	DriverRF4463PROMain.c
warning: 421	1505	Suspicious pointer conversion	DriverRF4463PROMain.c
warning: 424	1505	Suspicious pointer conversion	DriverRF4463PROMain.c
warning: 436	1505	Suspicious pointer conversion	DriverRF4463PROMain.c
warning: 439	1505	Suspicious pointer conversion	DriverRF4463PROMain.c
warning: 449	1505	Suspicious pointer conversion	DriverRF4463PROMain.c
warning: 458	1505	Suspicious pointer conversion	DriverRF4463PROMain.c
warning: 459	1505	Suspicious pointer conversion	DriverRF4463PROMain.c
warning: 685	1505	Suspicious pointer conversion	DriverRF4463PROMain.c
hint: 481	1163	Variable 'j' has been declared, but not used	DriverRF4463PROMain.c
diagnostics: 695	123	Compiled Successfully	DriverRF4463PROMain.c
hint: 589	1164	Variable 'ucDIV' has been eliminated by optimizer	DriverRF4463PROMain.c
hint: 591	1164	Variable 'ulFRAC' has been eliminated by optimizer	DriverRF4463PROMain.c
hint: 720	1164	Variable 'j' has been eliminated by optimizer	DriverRF4463PROMain.c
hint: 741	1164	Variable 'i' has been eliminated by optimizer	DriverRF4463PROMain.c
diagnostics: 0	127	All files Compiled in 281 ms	 
hint: 0	1144	Used RX: 11 (69%)   Free RX: 5 (31%)	Used RX: 11 (69%)   Free RX: 5 (31%)
hint: 0	1144	Static RAM (bytes): 8970   Dynamic RAM (bytes): 23793	Static RAM (bytes): 8970   Dynamic RAM (bytes): 23793
hint: 0	1144	Used ROM (bytes): 24629 (19%)  Free ROM (bytes): 106443 (81%)	Used ROM (bytes): 24629 (19%)  Free ROM (bytes): 106443 (81%)
diagnostics: 0	125	Project Linked Successfully	DriverRF4463PRO.mcpar
diagnostics: 0	128	Linked in 250 ms	 
diagnostics: 0	129	Project 'DriverRF4463PRO.mcpar' completed: 1188 ms	 
diagnostics: 0	103	Finished successfully: 29 ene. 2021, 16:04:21	DriverRF4463PRO.mcpar
