0	1	mikroCARM.exe -MSF -DBG -pSTM32F107RC -UICD -RA -BIN -APB -LHF -C -Y -DL -SSA -O11111112 -fo72 -N"C:\Users\Crow\Desktop\Data\Dongle\Dongle ( STM32F107RC ) [ MikroC ] 25 sep 2020\Dongle.mcpar" -SP"C:\Users\Public\Documents\Mikroelektronika\mikroC PRO for ARM\Defs\" -SP"C:\Users\Public\Documents\Mikroelektronika\mikroC PRO for ARM\Uses\ST M3\" -SP"C:\Users\Crow\Desktop\Data\Dongle\Dongle ( STM32F107RC ) [ MikroC ] 25 sep 2020\" -IP"C:\Users\Public\Documents\Mikroelektronika\mikroC PRO for ARM\Uses\ST M3\" "main.c" "__Lib_Math.emcl" "__Lib_MathDouble.emcl" "__Lib_Delays.emcl" "__Lib_System_105_107.emcl" "__Lib_GPIO_32F10x_Defs.emcl" "__Lib_GPIO_32F10x.emcl" "__Lib_CType.emcl" "__Lib_CString.emcl" "__Lib_CStdlib.emcl" "__Lib_CMath.emcl" "__Lib_Conversions.emcl" "__Lib_Sprintf.emcl" "__Lib_PrintOut.emcl" "__Lib_Sound.emcl" "__Lib_FLASH_32F10x.emcl" "__Lib_SPI_123.emcl" "__Lib_UART_123_45.emcl"	 
diagnostics: 0	122	Compilation Started	STM32F107RC.c
diagnostics: 38838	123	Compiled Successfully	STM32F107RC.c
diagnostics: 0	122	Compilation Started	__Lib_Delays.c
diagnostics: 118	123	Compiled Successfully	__Lib_Delays.c
hint: 66	1164	Variable 'cycles_div_by_10' has been eliminated by optimizer	__Lib_Delays.c
hint: 87	1164	Variable 'NumberOfCyc' has been eliminated by optimizer	__Lib_Delays.c
hint: 104	1164	Variable 'NumberOfCyc' has been eliminated by optimizer	__Lib_Delays.c
diagnostics: 0	122	Compilation Started	__lib_gpio.h
diagnostics: 834	123	Compiled Successfully	__Lib_GPIO_32F10x_Defs.c
hint: 86	1354	 warning: No space between macro name "GET_INT_STATUS_REPLY_MODEM_STATUS_SYNC_DETECT" and repl-text     #define GET_INT_STATUS_REPLY_MODEM_STATUS_SYNC_DETECT` 0x01     from c:/users/crow/desktop/data/dongle/dongle ( stm32f107rc ) [ mikroc ] 25 sep 2020/rf4463handler.h: 14:    #include "rf4463pro.h"     from c:/users/crow/desktop/data/dongle/dongle ( stm32f107rc ) [ mikroc ] 25 sep 2020/dongle.h: 17:    #include "RF4463Handler.h"     from c:/users/crow/desktop/data/dongle/dongle ( stm32f107rc ) [ mikroc ] 25 sep 2020/dongle.c: 18:    #include "Dongle.h"     from C:/Users/Crow/Desktop/Data/Dongle/Dongle ( STM32F107RC ) [ MikroC ] 25 sep 2020/main.c: 32:    #include "Dongle.c"	c:\users\crow\desktop\data\dongle\dongle ( stm32f107rc ) [ mikroc ] 25 sep 2020\rf4463pro.h
hint: 56	1354	 warning: The macro is redefined     #define RF_MESSAGE_HEADER_SIZE 5     from c:/users/crow/desktop/data/dongle/dongle ( stm32f107rc ) [ mikroc ] 25 sep 2020/dongle.h: 17:    #include "RF4463Handler.h"     from c:/users/crow/desktop/data/dongle/dongle ( stm32f107rc ) [ mikroc ] 25 sep 2020/dongle.c: 18:    #include "Dongle.h"     from C:/Users/Crow/Desktop/Data/Dongle/Dongle ( STM32F107RC ) [ MikroC ] 25 sep 2020/main.c: 32:    #include "Dongle.c"     previously macro "RF_MESSAGE_HEADER_SIZE" defined as: #define RF_MESSAGE_HEADER_SIZE  3 	c:\users\crow\desktop\data\dongle\dongle ( stm32f107rc ) [ mikroc ] 25 sep 2020\rf4463handler.h
diagnostics: 0	122	Compilation Started	stdint.h
hint: 0	1004	interrupt handler (vUARTISR at 0x0035)	uarthandler.c
warning: 235	1505	Suspicious pointer conversion	uarthandler.c
hint: 143	1163	Variable 'pcTempTxBuffer' has been declared, but not used	uarthandler.c
hint: 0	1004	interrupt handler (RFISR at 0x0038)	rf4463handler.c
hint: 113	1163	Variable 'pcTemp' has been declared, but not used	rf4463handler.c
warning: 257	1503	Result is not defined in function: 'ucRF4463Setup'	rf4463handler.c
warning: 267	1505	Suspicious pointer conversion	rf4463pro.c
hint: 605	1163	Variable 'pcBuffer' has been declared, but not used	rf4463pro.c
warning: 646	1508	Implicit conversion of int to ptr	rf4463pro.c
warning: 681	1505	Suspicious pointer conversion	rf4463pro.c
hint: 0	1004	interrupt handler (vButtonISR at 0x0027)	buttonhandler.c
hint: 0	1004	interrupt handler (Timer6_interrupt at 0x0046)	timer.c
diagnostics: 99	123	Compiled Successfully	main.c
hint: 119	1164	Variable 'usCounter' has been eliminated by optimizer	main.c
hint: 146	1164	Variable 'ucDeviceModel' has been eliminated by optimizer	main.c
hint: 50	1164	Variable 'ucMemorySelected' has been eliminated by optimizer	main.c
hint: 60	1164	Variable 'ucTemp' has been eliminated by optimizer	main.c
hint: 59	1164	Variable 'ucMemorySelected' has been eliminated by optimizer	main.c
hint: 101	1164	Variable 'ucTempValue' has been eliminated by optimizer	main.c
hint: 132	1164	Variable 'ucTemp' has been eliminated by optimizer	main.c
hint: 131	1164	Variable 'ucMemorySelected' has been eliminated by optimizer	main.c
hint: 160	1164	Variable 'ucMemorySelected' has been eliminated by optimizer	main.c
hint: 179	1164	Variable 'ucTemp' has been eliminated by optimizer	main.c
hint: 178	1164	Variable 'ucMemorySelected' has been eliminated by optimizer	main.c
hint: 194	1164	Variable 'ucMemorySelected' has been eliminated by optimizer	main.c
hint: 269	1164	Variable 'pcTempBuffer' has been eliminated by optimizer	main.c
hint: 418	1164	Variable 'intRSSI' has been eliminated by optimizer	main.c
hint: 477	1164	Variable 'usPartInformation' has been eliminated by optimizer	main.c
hint: 606	1164	Variable 'ucCounter' has been eliminated by optimizer	main.c
diagnostics: 0	127	All files Compiled in 485 ms	 
hint: 0	1144	Used RX: 16 (100%)   Free RX: 0 (0%)	Used RX: 16 (100%)   Free RX: 0 (0%)
hint: 0	1144	Static RAM (bytes): 2519   Dynamic RAM (bytes): 63013	Static RAM (bytes): 2519   Dynamic RAM (bytes): 63013
hint: 0	1144	Used ROM (bytes): 22236 (8%)  Free ROM (bytes): 239908 (92%)	Used ROM (bytes): 22236 (8%)  Free ROM (bytes): 239908 (92%)
diagnostics: 0	125	Project Linked Successfully	Dongle.mcpar
diagnostics: 0	128	Linked in 359 ms	 
diagnostics: 0	129	Project 'Dongle.mcpar' completed: 2125 ms	 
diagnostics: 0	103	Finished successfully: 05 nov. 2020, 17:12:55	Dongle.mcpar
