0	1	mikroCARM.exe -MSF -DBG -pSTM32F107RC -RA -BIN -APB -LHF -C -Y -DL -SSA -O11111111 -fo72 -N"C:\Users\Crow\Desktop\Lab-01\RF4463PRO.mcpar" -SP"C:\Users\Public\Documents\Mikroelektronika\mikroC PRO for ARM\Defs\" -SP"C:\Users\Public\Documents\Mikroelektronika\mikroC PRO for ARM\Uses\ST M3\" -SP"C:\Users\Crow\Desktop\Lab-01\" -IP"C:\Users\Public\Documents\Mikroelektronika\mikroC PRO for ARM\Uses\ST M3\" "RF4463PRO.c" "__Lib_Math.emcl" "__Lib_MathDouble.emcl" "__Lib_Delays.emcl" "__Lib_System_105_107.emcl" "__Lib_GPIO_32F10x_Defs.emcl" "__Lib_GPIO_32F10x.emcl" "__Lib_CType.emcl" "__Lib_CString.emcl" "__Lib_CStdlib.emcl" "__Lib_Conversions.emcl" "__Lib_Sprintf.emcl" "__Lib_Sprinti.emcl" "__Lib_Sprintl.emcl" "__Lib_Sound.emcl" "__Lib_SPI_123.emcl" "__Lib_UART_123_45.emcl"	 
diagnostics: 0	122	Compilation Started	STM32F107RC.c
diagnostics: 38838	123	Compiled Successfully	STM32F107RC.c
diagnostics: 0	122	Compilation Started	__Lib_Delays.c
diagnostics: 118	123	Compiled Successfully	__Lib_Delays.c
hint: 66	1164	Variable 'cycles_div_by_10' has been eliminated by optimizer	__Lib_Delays.c
hint: 87	1164	Variable 'NumberOfCyc' has been eliminated by optimizer	__Lib_Delays.c
hint: 104	1164	Variable 'NumberOfCyc' has been eliminated by optimizer	__Lib_Delays.c
diagnostics: 0	122	Compilation Started	__lib_gpio.h
diagnostics: 834	123	Compiled Successfully	__Lib_GPIO_32F10x_Defs.c
diagnostics: 0	122	Compilation Started	stdint.h
hint: 621	1163	Variable 'charBuffer' has been declared, but not used	RF4463PRO.c
warning: 724	1505	Suspicious pointer conversion	RF4463PRO.c
warning: 875	1505	Suspicious pointer conversion	RF4463PRO.c
hint: 957	1163	Variable 'FD_2' has been declared, but not used	RF4463PRO.c
hint: 957	1163	Variable 'FD_1' has been declared, but not used	RF4463PRO.c
hint: 957	1163	Variable 'FD_0' has been declared, but not used	RF4463PRO.c
diagnostics: 1270	123	Compiled Successfully	RF4463PRO.c
hint: 956	1164	Variable 'DIV' has been eliminated by optimizer	RF4463PRO.c
hint: 958	1164	Variable 'FRAC' has been eliminated by optimizer	RF4463PRO.c
hint: 958	1164	Variable 'mydata' has been eliminated by optimizer	RF4463PRO.c
hint: 1066	1164	Variable 'display' has been eliminated by optimizer	RF4463PRO.c
hint: 1080	1164	Variable 'wAddr' has been eliminated by optimizer	RF4463PRO.c
hint: 1080	1164	Variable 'wData' has been eliminated by optimizer	RF4463PRO.c
hint: 1081	1164	Variable 'temp' has been eliminated by optimizer	RF4463PRO.c
hint: 1099	1164	Variable 'wAddr' has been eliminated by optimizer	RF4463PRO.c
diagnostics: 0	127	All files Compiled in 187 ms	 
hint: 0	1144	Used RX: 16 (100%)   Free RX: 0 (0%)	Used RX: 16 (100%)   Free RX: 0 (0%)
hint: 0	1144	Static RAM (bytes): 187   Dynamic RAM (bytes): 65345	Static RAM (bytes): 187   Dynamic RAM (bytes): 65345
hint: 0	1144	Used ROM (bytes): 9783 (4%)  Free ROM (bytes): 252361 (96%)	Used ROM (bytes): 9783 (4%)  Free ROM (bytes): 252361 (96%)
diagnostics: 0	125	Project Linked Successfully	RF4463PRO.mcpar
diagnostics: 0	128	Linked in 250 ms	 
diagnostics: 0	129	Project 'RF4463PRO.mcpar' completed: 1218 ms	 
diagnostics: 0	103	Finished successfully: 11 nov. 2020, 22:51:16	RF4463PRO.mcpar
