0	1	mikroCARM.exe -MSF -DBG -pSTM32F407VG -UICD -RA -BIN -APB -LHF -C -Y -DL -O11111110 -fo168 -N"C:\Users\Crow\Desktop\Proyect Radio SI4463Pro\DriverRF4463PRO_F407VG [ MikroC 6.2 ]HUB\DriverRF4463PRO_F407VG [ MikroC 6.2 ]HUB\DriverRF4463PRO.mcpar" -SP"C:\Users\Public\Documents\Mikroelektronika\mikroC PRO for ARM\Defs\" -SP"C:\Users\Public\Documents\Mikroelektronika\mikroC PRO for ARM\Uses\ST M4\" -SP"C:\Users\Crow\Desktop\Proyect Radio SI4463Pro\DriverRF4463PRO_F407VG [ MikroC 6.2 ]HUB\DriverRF4463PRO_F407VG [ MikroC 6.2 ]HUB\" -IP"C:\Users\Public\Documents\Mikroelektronika\mikroC PRO for ARM\Uses\ST M4\" "DriverRF4463PROMain.c" "__Lib_Math.emcl" "__Lib_MathDouble.emcl" "__Lib_Delays.emcl" "__Lib_System_4XX.emcl" "__Lib_GPIO_32F4xx_Defs.emcl" "__Lib_GPIO_32F4xx.emcl" "__Lib_CType.emcl" "__Lib_CString.emcl" "__Lib_CStdlib.emcl" "__Lib_Conversions.emcl" "__Lib_PrintOut.emcl" "__Lib_Sound.emcl" "__Lib_SPI_123.emcl" "__Lib_UART_123_45_6.emcl"	 
diagnostics: 0	122	Compilation Started	STM32F407VG.c
diagnostics: 58985	123	Compiled Successfully	STM32F407VG.c
diagnostics: 0	122	Compilation Started	__Lib_Delays.c
diagnostics: 119	123	Compiled Successfully	__Lib_Delays.c
diagnostics: 0	122	Compilation Started	__lib_gpio.h
diagnostics: 879	123	Compiled Successfully	__Lib_GPIO_32F4xx_Defs.c
diagnostics: 0	122	Compilation Started	DriverRF4463PROMain.c
hint: 0	1004	interrupt handler (Int_SPI1 at 0x0033)	driverspi.c
hint: 0	1004	interrupt handler (vRF4463ISR at 0x0016)	driverrf4463pro.c
warning: 128	1505	Suspicious pointer conversion	driverrf4463pro.c
warning: 271	1505	Suspicious pointer conversion	driverrf4463pro.c
hint: 559	1163	Variable 'i' has been declared, but not used	driverrf4463pro.c
hint: 600	1163	Variable 'i' has been declared, but not used	driverrf4463pro.c
hint: 630	1163	Variable 'ucFD_2' has been declared, but not used	driverrf4463pro.c
hint: 630	1163	Variable 'ucFD_1' has been declared, but not used	driverrf4463pro.c
hint: 630	1163	Variable 'ucFD_0' has been declared, but not used	driverrf4463pro.c
hint: 0	1004	interrupt handler (DMA2Strm7_interrupt at 0x0056)	uarthandler.c
hint: 0	1004	interrupt handler (vUARTISR at 0x0035)	uarthandler.c
warning: 316	1505	Suspicious pointer conversion	uarthandler.c
warning: 325	1505	Suspicious pointer conversion	uarthandler.c
warning: 325	1505	Suspicious pointer conversion	uarthandler.c
hint: 0	1004	interrupt handler (Timer2_interrupt at 0x002C)	DriverRF4463PROMain.c
warning: 148	1505	Suspicious pointer conversion	DriverRF4463PROMain.c
warning: 151	1505	Suspicious pointer conversion	DriverRF4463PROMain.c
warning: 165	1505	Suspicious pointer conversion	DriverRF4463PROMain.c
warning: 168	1505	Suspicious pointer conversion	DriverRF4463PROMain.c
warning: 180	1505	Suspicious pointer conversion	DriverRF4463PROMain.c
warning: 184	1505	Suspicious pointer conversion	DriverRF4463PROMain.c
warning: 188	1505	Suspicious pointer conversion	DriverRF4463PROMain.c
warning: 192	1505	Suspicious pointer conversion	DriverRF4463PROMain.c
warning: 196	1505	Suspicious pointer conversion	DriverRF4463PROMain.c
warning: 200	1505	Suspicious pointer conversion	DriverRF4463PROMain.c
warning: 204	1505	Suspicious pointer conversion	DriverRF4463PROMain.c
warning: 208	1505	Suspicious pointer conversion	DriverRF4463PROMain.c
warning: 212	1505	Suspicious pointer conversion	DriverRF4463PROMain.c
warning: 216	1505	Suspicious pointer conversion	DriverRF4463PROMain.c
warning: 220	1505	Suspicious pointer conversion	DriverRF4463PROMain.c
warning: 222	1505	Suspicious pointer conversion	DriverRF4463PROMain.c
warning: 234	1505	Suspicious pointer conversion	DriverRF4463PROMain.c
warning: 237	1505	Suspicious pointer conversion	DriverRF4463PROMain.c
warning: 249	1505	Suspicious pointer conversion	DriverRF4463PROMain.c
warning: 252	1505	Suspicious pointer conversion	DriverRF4463PROMain.c
warning: 273	1505	Suspicious pointer conversion	DriverRF4463PROMain.c
warning: 278	1505	Suspicious pointer conversion	DriverRF4463PROMain.c
warning: 282	1505	Suspicious pointer conversion	DriverRF4463PROMain.c
warning: 286	1505	Suspicious pointer conversion	DriverRF4463PROMain.c
warning: 290	1505	Suspicious pointer conversion	DriverRF4463PROMain.c
warning: 293	1505	Suspicious pointer conversion	DriverRF4463PROMain.c
warning: 306	1505	Suspicious pointer conversion	DriverRF4463PROMain.c
warning: 320	1505	Suspicious pointer conversion	DriverRF4463PROMain.c
warning: 323	1505	Suspicious pointer conversion	DriverRF4463PROMain.c
warning: 336	1505	Suspicious pointer conversion	DriverRF4463PROMain.c
warning: 339	1505	Suspicious pointer conversion	DriverRF4463PROMain.c
warning: 352	1505	Suspicious pointer conversion	DriverRF4463PROMain.c
warning: 355	1505	Suspicious pointer conversion	DriverRF4463PROMain.c
warning: 368	1505	Suspicious pointer conversion	DriverRF4463PROMain.c
warning: 371	1505	Suspicious pointer conversion	DriverRF4463PROMain.c
warning: 383	1505	Suspicious pointer conversion	DriverRF4463PROMain.c
warning: 386	1505	Suspicious pointer conversion	DriverRF4463PROMain.c
warning: 398	1505	Suspicious pointer conversion	DriverRF4463PROMain.c
warning: 401	1505	Suspicious pointer conversion	DriverRF4463PROMain.c
warning: 413	1505	Suspicious pointer conversion	DriverRF4463PROMain.c
warning: 416	1505	Suspicious pointer conversion	DriverRF4463PROMain.c
warning: 428	1505	Suspicious pointer conversion	DriverRF4463PROMain.c
warning: 431	1505	Suspicious pointer conversion	DriverRF4463PROMain.c
warning: 441	1505	Suspicious pointer conversion	DriverRF4463PROMain.c
warning: 450	1505	Suspicious pointer conversion	DriverRF4463PROMain.c
warning: 451	1505	Suspicious pointer conversion	DriverRF4463PROMain.c
warning: 681	1505	Suspicious pointer conversion	DriverRF4463PROMain.c
hint: 474	1163	Variable 'j' has been declared, but not used	DriverRF4463PROMain.c
diagnostics: 691	123	Compiled Successfully	DriverRF4463PROMain.c
diagnostics: 0	127	All files Compiled in 250 ms	 
hint: 0	1144	Used RX: 16 (100%)   Free RX: 0 (0%)	Used RX: 16 (100%)   Free RX: 0 (0%)
hint: 0	1144	Static RAM (bytes): 8999   Dynamic RAM (bytes): 122069	Static RAM (bytes): 8999   Dynamic RAM (bytes): 122069
hint: 0	1144	Used ROM (bytes): 27295 (3%)  Free ROM (bytes): 1021281 (97%)	Used ROM (bytes): 27295 (3%)  Free ROM (bytes): 1021281 (97%)
diagnostics: 0	125	Project Linked Successfully	DriverRF4463PRO.mcpar
diagnostics: 0	128	Linked in 468 ms	 
diagnostics: 0	129	Project 'DriverRF4463PRO.mcpar' completed: 2000 ms	 
diagnostics: 0	103	Finished successfully: 22 dic. 2020, 16:25:09	DriverRF4463PRO.mcpar
