0	1	mikroCARM.exe -MSF -DBG -pSTM32G071KB -UICD -RA -BIN -APB -LHF -C -Y -DL -SSA -O11111111 -fo16 -N"C:\Users\Crow\OneDrive\Escritorio\Proyect Radio SI4463Pro\DriverRF4463PRO_G071KB [ MikroC 6.2 ] 28-Ene 2021\DriverRF4463PRO_G071KB [ MikroC 6.2 ]\DriverRF4463PRO.mcpar" -SP"C:\Users\Public\Documents\Mikroelektronika\mikroC PRO for ARM\Defs\" -SP"C:\Users\Public\Documents\Mikroelektronika\mikroC PRO for ARM\Uses\ST M0\" -SP"C:\Users\Crow\OneDrive\Escritorio\Proyect Radio SI4463Pro\DriverRF4463PRO_G071KB [ MikroC 6.2 ] 28-Ene 2021\DriverRF4463PRO_G071KB [ MikroC 6.2 ]\" -IP"C:\Users\Public\Documents\Mikroelektronika\mikroC PRO for ARM\Uses\ST M0\" "DriverRF4463PROMain.c" "__Lib_Math.emcl" "__Lib_MathDouble.emcl" "__Lib_Delays.emcl" "__Lib_System_G0xx.emcl" "__Lib_GPIO_G0xx_Defs.emcl" "__Lib_GPIO_G0xx.emcl" "__Lib_CType.emcl" "__Lib_CString.emcl" "__Lib_CStdlib.emcl" "__Lib_Conversions.emcl" "__Lib_Sprintf.emcl" "__Lib_PrintOut.emcl" "__Lib_Sound.emcl" "__Lib_SPI_G0xx_12.emcl" "__Lib_UART_G0xx_1234.emcl"	 
diagnostics: 0	122	Compilation Started	STM32G071KB.c
diagnostics: 30400	123	Compiled Successfully	STM32G071KB.c
diagnostics: 0	122	Compilation Started	__Lib_Delays.c
diagnostics: 165	123	Compiled Successfully	__Lib_Delays.c
hint: 66	1164	Variable 'cycles_div_by_10' has been eliminated by optimizer	__Lib_Delays.c
hint: 99	1164	Variable 'cycles_div_by_16' has been eliminated by optimizer	__Lib_Delays.c
hint: 150	1164	Variable 'NumberOfCyc' has been eliminated by optimizer	__Lib_Delays.c
hint: 159	1164	Variable 'NumberOfCyc' has been eliminated by optimizer	__Lib_Delays.c
diagnostics: 0	122	Compilation Started	__lib_gpio.h
diagnostics: 673	123	Compiled Successfully	__Lib_GPIO_G0xx_Defs.c
hint: 10	1354	 warning: The macro is redefined     #define STM32G071KB 4     previously macro "STM32G071KB" defined as: #define STM32G071KB  1 	C:\Users\Crow\OneDrive\Escritorio\Proyect Radio SI4463Pro\DriverRF4463PRO_G071KB [ MikroC 6.2 ] 28-Ene 2021\DriverRF4463PRO_G071KB [ MikroC 6.2 ]\DriverRF4463PROMain.c
diagnostics: 0	122	Compilation Started	DriverRF4463PROMain.c
hint: 0	1004	interrupt handler (Int_SPI1 at 0x0029)	driverspi.c
hint: 0	1004	interrupt handler (DMACh1_interrupt at 0x0019)	driverspi.c
hint: 0	1004	interrupt handler (vRF4463ISR at 0x0016)	driverrf4463pro.c
warning: 157	1505	Suspicious pointer conversion	driverrf4463pro.c
warning: 312	1505	Suspicious pointer conversion	driverrf4463pro.c
hint: 617	1163	Variable 'i' has been declared, but not used	driverrf4463pro.c
hint: 658	1163	Variable 'i' has been declared, but not used	driverrf4463pro.c
hint: 688	1163	Variable 'ucFD_2' has been declared, but not used	driverrf4463pro.c
hint: 688	1163	Variable 'ucFD_1' has been declared, but not used	driverrf4463pro.c
hint: 688	1163	Variable 'ucFD_0' has been declared, but not used	driverrf4463pro.c
warning: 856	1505	Suspicious pointer conversion	driverrf4463pro.c
hint: 0	1004	interrupt handler (vUARTISR at 0x002B)	uarthandler.c
warning: 292	1503	Result is not defined in function: 'vUSARTStartMEMtoMEMZero'	uarthandler.c
warning: 382	1503	Result is not defined in function: 'vUSARTStartMEMtoMEM'	uarthandler.c
warning: 467	1503	Result is not defined in function: 'vUSART1Start_TX'	uarthandler.c
warning: 546	1505	Suspicious pointer conversion	uarthandler.c
warning: 554	1505	Suspicious pointer conversion	uarthandler.c
warning: 554	1505	Suspicious pointer conversion	uarthandler.c
hint: 0	1004	interrupt handler (Timer2_interrupt at 0x001F)	DriverRF4463PROMain.c
warning: 188	1505	Suspicious pointer conversion	DriverRF4463PROMain.c
warning: 191	1505	Suspicious pointer conversion	DriverRF4463PROMain.c
warning: 205	1505	Suspicious pointer conversion	DriverRF4463PROMain.c
warning: 208	1505	Suspicious pointer conversion	DriverRF4463PROMain.c
warning: 220	1505	Suspicious pointer conversion	DriverRF4463PROMain.c
warning: 224	1505	Suspicious pointer conversion	DriverRF4463PROMain.c
warning: 228	1505	Suspicious pointer conversion	DriverRF4463PROMain.c
warning: 232	1505	Suspicious pointer conversion	DriverRF4463PROMain.c
warning: 236	1505	Suspicious pointer conversion	DriverRF4463PROMain.c
warning: 240	1505	Suspicious pointer conversion	DriverRF4463PROMain.c
warning: 244	1505	Suspicious pointer conversion	DriverRF4463PROMain.c
warning: 248	1505	Suspicious pointer conversion	DriverRF4463PROMain.c
warning: 252	1505	Suspicious pointer conversion	DriverRF4463PROMain.c
warning: 256	1505	Suspicious pointer conversion	DriverRF4463PROMain.c
warning: 260	1505	Suspicious pointer conversion	DriverRF4463PROMain.c
warning: 262	1505	Suspicious pointer conversion	DriverRF4463PROMain.c
warning: 274	1505	Suspicious pointer conversion	DriverRF4463PROMain.c
warning: 277	1505	Suspicious pointer conversion	DriverRF4463PROMain.c
warning: 289	1505	Suspicious pointer conversion	DriverRF4463PROMain.c
warning: 292	1505	Suspicious pointer conversion	DriverRF4463PROMain.c
warning: 313	1505	Suspicious pointer conversion	DriverRF4463PROMain.c
warning: 318	1505	Suspicious pointer conversion	DriverRF4463PROMain.c
warning: 322	1505	Suspicious pointer conversion	DriverRF4463PROMain.c
warning: 326	1505	Suspicious pointer conversion	DriverRF4463PROMain.c
warning: 330	1505	Suspicious pointer conversion	DriverRF4463PROMain.c
warning: 333	1505	Suspicious pointer conversion	DriverRF4463PROMain.c
warning: 343	1505	Suspicious pointer conversion	DriverRF4463PROMain.c
warning: 347	1505	Suspicious pointer conversion	DriverRF4463PROMain.c
warning: 347	1505	Suspicious pointer conversion	DriverRF4463PROMain.c
warning: 354	1505	Suspicious pointer conversion	DriverRF4463PROMain.c
warning: 362	1505	Suspicious pointer conversion	DriverRF4463PROMain.c
warning: 366	1505	Suspicious pointer conversion	DriverRF4463PROMain.c
warning: 371	1505	Suspicious pointer conversion	DriverRF4463PROMain.c
warning: 399	1505	Suspicious pointer conversion	DriverRF4463PROMain.c
warning: 403	1505	Suspicious pointer conversion	DriverRF4463PROMain.c
warning: 407	1505	Suspicious pointer conversion	DriverRF4463PROMain.c
warning: 411	1505	Suspicious pointer conversion	DriverRF4463PROMain.c
warning: 414	1505	Suspicious pointer conversion	DriverRF4463PROMain.c
warning: 416	1505	Suspicious pointer conversion	DriverRF4463PROMain.c
warning: 418	1505	Suspicious pointer conversion	DriverRF4463PROMain.c
warning: 420	1505	Suspicious pointer conversion	DriverRF4463PROMain.c
warning: 422	1505	Suspicious pointer conversion	DriverRF4463PROMain.c
warning: 437	1505	Suspicious pointer conversion	DriverRF4463PROMain.c
warning: 440	1505	Suspicious pointer conversion	DriverRF4463PROMain.c
warning: 454	1505	Suspicious pointer conversion	DriverRF4463PROMain.c
warning: 457	1505	Suspicious pointer conversion	DriverRF4463PROMain.c
warning: 471	1505	Suspicious pointer conversion	DriverRF4463PROMain.c
warning: 474	1505	Suspicious pointer conversion	DriverRF4463PROMain.c
warning: 488	1505	Suspicious pointer conversion	DriverRF4463PROMain.c
warning: 491	1505	Suspicious pointer conversion	DriverRF4463PROMain.c
warning: 503	1505	Suspicious pointer conversion	DriverRF4463PROMain.c
warning: 506	1505	Suspicious pointer conversion	DriverRF4463PROMain.c
warning: 518	1505	Suspicious pointer conversion	DriverRF4463PROMain.c
warning: 521	1505	Suspicious pointer conversion	DriverRF4463PROMain.c
warning: 533	1505	Suspicious pointer conversion	DriverRF4463PROMain.c
warning: 536	1505	Suspicious pointer conversion	DriverRF4463PROMain.c
warning: 548	1505	Suspicious pointer conversion	DriverRF4463PROMain.c
warning: 551	1505	Suspicious pointer conversion	DriverRF4463PROMain.c
warning: 561	1505	Suspicious pointer conversion	DriverRF4463PROMain.c
warning: 570	1505	Suspicious pointer conversion	DriverRF4463PROMain.c
warning: 571	1505	Suspicious pointer conversion	DriverRF4463PROMain.c
warning: 964	1505	Suspicious pointer conversion	DriverRF4463PROMain.c
hint: 605	1163	Variable 'i' has been declared, but not used	DriverRF4463PROMain.c
hint: 605	1163	Variable 'j' has been declared, but not used	DriverRF4463PROMain.c
diagnostics: 974	123	Compiled Successfully	DriverRF4463PROMain.c
hint: 687	1164	Variable 'ucDIV' has been eliminated by optimizer	DriverRF4463PROMain.c
hint: 689	1164	Variable 'ulFRAC' has been eliminated by optimizer	DriverRF4463PROMain.c
hint: 868	1164	Variable 'j' has been eliminated by optimizer	DriverRF4463PROMain.c
hint: 889	1164	Variable 'i' has been eliminated by optimizer	DriverRF4463PROMain.c
hint: 605	1164	Variable 'chksum' has been eliminated by optimizer	DriverRF4463PROMain.c
diagnostics: 0	127	All files Compiled in 328 ms	 
hint: 0	1144	Used RX: 11 (69%)   Free RX: 5 (31%)	Used RX: 11 (69%)   Free RX: 5 (31%)
hint: 0	1144	Static RAM (bytes): 9119   Dynamic RAM (bytes): 23645	Static RAM (bytes): 9119   Dynamic RAM (bytes): 23645
hint: 0	1144	Used ROM (bytes): 33330 (25%)  Free ROM (bytes): 97742 (75%)	Used ROM (bytes): 33330 (25%)  Free ROM (bytes): 97742 (75%)
diagnostics: 0	125	Project Linked Successfully	DriverRF4463PRO.mcpar
diagnostics: 0	128	Linked in 281 ms	 
diagnostics: 0	129	Project 'DriverRF4463PRO.mcpar' completed: 1281 ms	 
diagnostics: 0	103	Finished successfully: 29 ene. 2021, 16:01:44	DriverRF4463PRO.mcpar
